<?xml version="1.0" encoding="UTF-8"?>
<!-- Generated by org.testng.reporters.JUnitReportReporter -->
<testsuite hostname="LAPTOP-00K4GI6E" failures="0" tests="1" name="datatest.call" time="18.408" errors="0" timestamp="2021-11-18T01:21:02 IST" skipped="0">
  <testcase classname="datatest.call" name="callf" time="18.408"/>
  <system-out>
    <![CDATA[Product Name = Nike Men's Black Sports Shoe. The Final Price = Rs.2232]]>
  </system-out>
</testsuite> <!-- datatest.call -->
